  
  Microsoft (R) Program Maintenance Utility Version 12.00.21005.1
  Copyright (C) Microsoft Corporation.  All rights reserved.
  
  Making in .\blakserv
  A subdirectory or file release already exists.
  Making in .\util
  A subdirectory or file release already exists.
  Making in .\clientd3d
  A subdirectory or file release already exists.
  Making in .\module
  A subdirectory or file release already exists.
  A subdirectory or file release already exists.
  A subdirectory or file release already exists.
  A subdirectory or file release already exists.
  A subdirectory or file release already exists.
  A subdirectory or file release already exists.
  A subdirectory or file release already exists.
  Making in .\blakdiff
  A subdirectory or file release already exists.
  Making in .\blakcomp
  A subdirectory or file release already exists.
  Making in .\kod
  Building util 
  Building factgame 
  Building object 
  Building active 
  Building holder 
  Building room 
  Building barlqrm 
  Building crnthrm 
  Building jasperrm 
  Building kocarm 
  Building marnrm 
  Building tosrm 
  Building ghall 
  Building monsroom 
  Building objroom 
  Building feyforst 
  Building guest6 
  Building bossroom 
  Building kcforest 
  Building guest1 
  Building guest2 
  Building guest3 
  Building guest4 
  Building guest5 
  Building guest7 
  Building guest8 
  Building rentroom 
  Building nomoveon 
  Building battler 
  Building monster 
  Building mummy 
  Building skel 
  Building temples 
  Building towns 
  Building barlqtwn 
  Building crnthtwn 
  Building jasprtwn 
  Building marntwn 
  Building tostwn 
  Building hazartwn 
  Building kocatwn 
  Building wanderer 
  Building council 
  Building factions 
  Building grdworm 
  Building troop 
  Building xeochctl 
  Building player 
  Building user 
  Building dm 
  Building admin 
  Building storebox 
  Building portal 
  Building wallelem 
  Building passive 
  Building spell 
  Building atakspel 
  Building boltspel 
  Building dmspell 
  Building boon 
  Building jala 
  Building hinder 
  Building persench 
  Building resist 
  Building touchatk 
  Building roomench 
  Building multicst 
  Building walspell 
  Building news 
  Building trestype 
  Building sickness 
  Building disease 
  Building skill 
  Building profic 
  Building stroke 
  Building unarmed 
  Building mananode 
  Building guild 
  Building guildcmd 
  Building brain 
  Building itematt 
  Building weapatt 
  Building flikerer 
  Building item 
  Building actitem 
  Building passitem 
  Building attmod 
  Building defmod 
  Building armor 
  Building robe 
  Building shield 
  Building soldshld 
  Building helmet 
  Building mask 
  Building pants 
  Building shirt 
  Building healer 
  Building numbitem 
  Building food 
  Building ammo 
  Building weapon 
  Building ranged 
  Building bow 
  Building necklace 
  Building ring 
  Building resring 
  Building pforget 
  Building token 
  Building minigame 
  Building instrum 
  Building lute 
  Building totem 
  Building offering 
  Building swshard 
  Building inscript 
  Building factflag 
  Building roomkeyc 
  Building hstone 
  Building spelitem 
  Building potion 
  Building scroll 
  Building wand 
  Building specwand 
  Making in .\blakdeco
  A subdirectory or file release already exists.
  Making in .\club
  A subdirectory or file release already exists.
  Making in .\bbgun
  A subdirectory or file release already exists.
  Making in .\makebgf
  A subdirectory or file release already exists.
  Making in .\resource
  Building graphics 
  A subdirectory or file release already exists.
  Building textures 
  A subdirectory or file release already exists.
